<?xml version="1.0" encoding="UTF-8"?>
<testsuite xmlns:xsi="http://www.w3.org/2001/XMLSchema-instance" xsi:noNamespaceSchemaLocation="https://maven.apache.org/surefire/maven-surefire-plugin/xsd/surefire-test-report.xsd" name="TestSuite" time="348.73" tests="15" errors="0" skipped="0" failures="3">
  <properties>
    <property name="sun.desktop" value="windows"/>
    <property name="awt.toolkit" value="sun.awt.windows.WToolkit"/>
    <property name="file.encoding.pkg" value="sun.io"/>
    <property name="java.specification.version" value="1.8"/>
    <property name="sun.cpu.isalist" value="amd64"/>
    <property name="sun.jnu.encoding" value="Cp1252"/>
    <property name="java.class.path" value="C:\Users\maya.TZUNAMI\eclipse-workspace\Involve.me-Project\target\test-classes;C:\Users\maya.TZUNAMI\eclipse-workspace\Involve.me-Project\target\classes;C:\Users\maya.TZUNAMI\.m2\repository\org\seleniumhq\selenium\selenium-java\3.141.59\selenium-java-3.141.59.jar;C:\Users\maya.TZUNAMI\.m2\repository\org\seleniumhq\selenium\selenium-api\3.141.59\selenium-api-3.141.59.jar;C:\Users\maya.TZUNAMI\.m2\repository\org\seleniumhq\selenium\selenium-chrome-driver\3.141.59\selenium-chrome-driver-3.141.59.jar;C:\Users\maya.TZUNAMI\.m2\repository\org\seleniumhq\selenium\selenium-edge-driver\3.141.59\selenium-edge-driver-3.141.59.jar;C:\Users\maya.TZUNAMI\.m2\repository\org\seleniumhq\selenium\selenium-firefox-driver\3.141.59\selenium-firefox-driver-3.141.59.jar;C:\Users\maya.TZUNAMI\.m2\repository\org\seleniumhq\selenium\selenium-ie-driver\3.141.59\selenium-ie-driver-3.141.59.jar;C:\Users\maya.TZUNAMI\.m2\repository\org\seleniumhq\selenium\selenium-opera-driver\3.141.59\selenium-opera-driver-3.141.59.jar;C:\Users\maya.TZUNAMI\.m2\repository\org\seleniumhq\selenium\selenium-remote-driver\3.141.59\selenium-remote-driver-3.141.59.jar;C:\Users\maya.TZUNAMI\.m2\repository\org\seleniumhq\selenium\selenium-safari-driver\3.141.59\selenium-safari-driver-3.141.59.jar;C:\Users\maya.TZUNAMI\.m2\repository\org\seleniumhq\selenium\selenium-support\3.141.59\selenium-support-3.141.59.jar;C:\Users\maya.TZUNAMI\.m2\repository\net\bytebuddy\byte-buddy\1.8.15\byte-buddy-1.8.15.jar;C:\Users\maya.TZUNAMI\.m2\repository\org\apache\commons\commons-exec\1.3\commons-exec-1.3.jar;C:\Users\maya.TZUNAMI\.m2\repository\com\google\guava\guava\25.0-jre\guava-25.0-jre.jar;C:\Users\maya.TZUNAMI\.m2\repository\com\google\code\findbugs\jsr305\1.3.9\jsr305-1.3.9.jar;C:\Users\maya.TZUNAMI\.m2\repository\org\checkerframework\checker-compat-qual\2.0.0\checker-compat-qual-2.0.0.jar;C:\Users\maya.TZUNAMI\.m2\repository\com\google\errorprone\error_prone_annotations\2.1.3\error_prone_annotations-2.1.3.jar;C:\Users\maya.TZUNAMI\.m2\repository\com\google\j2objc\j2objc-annotations\1.1\j2objc-annotations-1.1.jar;C:\Users\maya.TZUNAMI\.m2\repository\org\codehaus\mojo\animal-sniffer-annotations\1.14\animal-sniffer-annotations-1.14.jar;C:\Users\maya.TZUNAMI\.m2\repository\com\squareup\okhttp3\okhttp\3.11.0\okhttp-3.11.0.jar;C:\Users\maya.TZUNAMI\.m2\repository\com\squareup\okio\okio\1.14.0\okio-1.14.0.jar;C:\Users\maya.TZUNAMI\.m2\repository\org\testng\testng\6.14.3\testng-6.14.3.jar;C:\Users\maya.TZUNAMI\.m2\repository\com\beust\jcommander\1.72\jcommander-1.72.jar;C:\Users\maya.TZUNAMI\.m2\repository\org\apache-extras\beanshell\bsh\2.0b6\bsh-2.0b6.jar;C:\Users\maya.TZUNAMI\.m2\repository\io\github\bonigarcia\webdrivermanager\3.7.1\webdrivermanager-3.7.1.jar;C:\Users\maya.TZUNAMI\.m2\repository\org\slf4j\slf4j-api\1.7.25\slf4j-api-1.7.25.jar;C:\Users\maya.TZUNAMI\.m2\repository\commons-io\commons-io\2.6\commons-io-2.6.jar;C:\Users\maya.TZUNAMI\.m2\repository\com\google\code\gson\gson\2.8.5\gson-2.8.5.jar;C:\Users\maya.TZUNAMI\.m2\repository\org\apache\commons\commons-lang3\3.8.1\commons-lang3-3.8.1.jar;C:\Users\maya.TZUNAMI\.m2\repository\org\apache\httpcomponents\httpclient\4.5.6\httpclient-4.5.6.jar;C:\Users\maya.TZUNAMI\.m2\repository\org\apache\httpcomponents\httpcore\4.4.10\httpcore-4.4.10.jar;C:\Users\maya.TZUNAMI\.m2\repository\commons-logging\commons-logging\1.2\commons-logging-1.2.jar;C:\Users\maya.TZUNAMI\.m2\repository\commons-codec\commons-codec\1.10\commons-codec-1.10.jar;C:\Users\maya.TZUNAMI\.m2\repository\org\rauschig\jarchivelib\1.0.0\jarchivelib-1.0.0.jar;C:\Users\maya.TZUNAMI\.m2\repository\org\apache\commons\commons-compress\1.18\commons-compress-1.18.jar;C:\Users\maya.TZUNAMI\.m2\repository\org\jsoup\jsoup\1.11.3\jsoup-1.11.3.jar;C:\Users\maya.TZUNAMI\.m2\repository\io\qameta\allure\allure-testng\2.12.1\allure-testng-2.12.1.jar;C:\Users\maya.TZUNAMI\.m2\repository\io\qameta\allure\allure-java-commons\2.12.1\allure-java-commons-2.12.1.jar;C:\Users\maya.TZUNAMI\.m2\repository\io\qameta\allure\allure-model\2.12.1\allure-model-2.12.1.jar;C:\Users\maya.TZUNAMI\.m2\repository\com\fasterxml\jackson\core\jackson-databind\2.9.8\jackson-databind-2.9.8.jar;C:\Users\maya.TZUNAMI\.m2\repository\com\fasterxml\jackson\core\jackson-annotations\2.9.0\jackson-annotations-2.9.0.jar;C:\Users\maya.TZUNAMI\.m2\repository\com\fasterxml\jackson\core\jackson-core\2.9.8\jackson-core-2.9.8.jar;C:\Users\maya.TZUNAMI\.m2\repository\org\apache\tika\tika-core\1.20\tika-core-1.20.jar;C:\Users\maya.TZUNAMI\.m2\repository\org\jooq\joor-java-8\0.9.10\joor-java-8-0.9.10.jar;C:\Users\maya.TZUNAMI\.m2\repository\com\github\automatedowl\allure-environment-writer\1.0.0\allure-environment-writer-1.0.0.jar;C:\Users\maya.TZUNAMI\.m2\repository\org\aspectj\aspectjweaver\1.9.2\aspectjweaver-1.9.2.jar;"/>
    <property name="java.vm.vendor" value="Oracle Corporation"/>
    <property name="sun.arch.data.model" value="64"/>
    <property name="user.variant" value=""/>
    <property name="java.vendor.url" value="http://java.oracle.com/"/>
    <property name="user.timezone" value="Asia/Jerusalem"/>
    <property name="java.vm.specification.version" value="1.8"/>
    <property name="os.name" value="Windows 10"/>
    <property name="user.country" value="US"/>
    <property name="sun.java.launcher" value="SUN_STANDARD"/>
    <property name="sun.boot.library.path" value="C:\Program Files\Java\jdk1.8.0_201\jre\bin"/>
    <property name="sun.java.command" value="C:\Users\MAYA~1.TZU\AppData\Local\Temp\surefire7592970848956199479\surefirebooter2461375815483220187.jar C:\Users\maya.TZUNAMI\AppData\Local\Temp\surefire7592970848956199479 2020-01-28T23-05-16_055-jvmRun1 surefire7500524808501793364tmp surefire_08704061171690516722tmp"/>
    <property name="surefire.test.class.path" value="C:\Users\maya.TZUNAMI\eclipse-workspace\Involve.me-Project\target\test-classes;C:\Users\maya.TZUNAMI\eclipse-workspace\Involve.me-Project\target\classes;C:\Users\maya.TZUNAMI\.m2\repository\org\seleniumhq\selenium\selenium-java\3.141.59\selenium-java-3.141.59.jar;C:\Users\maya.TZUNAMI\.m2\repository\org\seleniumhq\selenium\selenium-api\3.141.59\selenium-api-3.141.59.jar;C:\Users\maya.TZUNAMI\.m2\repository\org\seleniumhq\selenium\selenium-chrome-driver\3.141.59\selenium-chrome-driver-3.141.59.jar;C:\Users\maya.TZUNAMI\.m2\repository\org\seleniumhq\selenium\selenium-edge-driver\3.141.59\selenium-edge-driver-3.141.59.jar;C:\Users\maya.TZUNAMI\.m2\repository\org\seleniumhq\selenium\selenium-firefox-driver\3.141.59\selenium-firefox-driver-3.141.59.jar;C:\Users\maya.TZUNAMI\.m2\repository\org\seleniumhq\selenium\selenium-ie-driver\3.141.59\selenium-ie-driver-3.141.59.jar;C:\Users\maya.TZUNAMI\.m2\repository\org\seleniumhq\selenium\selenium-opera-driver\3.141.59\selenium-opera-driver-3.141.59.jar;C:\Users\maya.TZUNAMI\.m2\repository\org\seleniumhq\selenium\selenium-remote-driver\3.141.59\selenium-remote-driver-3.141.59.jar;C:\Users\maya.TZUNAMI\.m2\repository\org\seleniumhq\selenium\selenium-safari-driver\3.141.59\selenium-safari-driver-3.141.59.jar;C:\Users\maya.TZUNAMI\.m2\repository\org\seleniumhq\selenium\selenium-support\3.141.59\selenium-support-3.141.59.jar;C:\Users\maya.TZUNAMI\.m2\repository\net\bytebuddy\byte-buddy\1.8.15\byte-buddy-1.8.15.jar;C:\Users\maya.TZUNAMI\.m2\repository\org\apache\commons\commons-exec\1.3\commons-exec-1.3.jar;C:\Users\maya.TZUNAMI\.m2\repository\com\google\guava\guava\25.0-jre\guava-25.0-jre.jar;C:\Users\maya.TZUNAMI\.m2\repository\com\google\code\findbugs\jsr305\1.3.9\jsr305-1.3.9.jar;C:\Users\maya.TZUNAMI\.m2\repository\org\checkerframework\checker-compat-qual\2.0.0\checker-compat-qual-2.0.0.jar;C:\Users\maya.TZUNAMI\.m2\repository\com\google\errorprone\error_prone_annotations\2.1.3\error_prone_annotations-2.1.3.jar;C:\Users\maya.TZUNAMI\.m2\repository\com\google\j2objc\j2objc-annotations\1.1\j2objc-annotations-1.1.jar;C:\Users\maya.TZUNAMI\.m2\repository\org\codehaus\mojo\animal-sniffer-annotations\1.14\animal-sniffer-annotations-1.14.jar;C:\Users\maya.TZUNAMI\.m2\repository\com\squareup\okhttp3\okhttp\3.11.0\okhttp-3.11.0.jar;C:\Users\maya.TZUNAMI\.m2\repository\com\squareup\okio\okio\1.14.0\okio-1.14.0.jar;C:\Users\maya.TZUNAMI\.m2\repository\org\testng\testng\6.14.3\testng-6.14.3.jar;C:\Users\maya.TZUNAMI\.m2\repository\com\beust\jcommander\1.72\jcommander-1.72.jar;C:\Users\maya.TZUNAMI\.m2\repository\org\apache-extras\beanshell\bsh\2.0b6\bsh-2.0b6.jar;C:\Users\maya.TZUNAMI\.m2\repository\io\github\bonigarcia\webdrivermanager\3.7.1\webdrivermanager-3.7.1.jar;C:\Users\maya.TZUNAMI\.m2\repository\org\slf4j\slf4j-api\1.7.25\slf4j-api-1.7.25.jar;C:\Users\maya.TZUNAMI\.m2\repository\commons-io\commons-io\2.6\commons-io-2.6.jar;C:\Users\maya.TZUNAMI\.m2\repository\com\google\code\gson\gson\2.8.5\gson-2.8.5.jar;C:\Users\maya.TZUNAMI\.m2\repository\org\apache\commons\commons-lang3\3.8.1\commons-lang3-3.8.1.jar;C:\Users\maya.TZUNAMI\.m2\repository\org\apache\httpcomponents\httpclient\4.5.6\httpclient-4.5.6.jar;C:\Users\maya.TZUNAMI\.m2\repository\org\apache\httpcomponents\httpcore\4.4.10\httpcore-4.4.10.jar;C:\Users\maya.TZUNAMI\.m2\repository\commons-logging\commons-logging\1.2\commons-logging-1.2.jar;C:\Users\maya.TZUNAMI\.m2\repository\commons-codec\commons-codec\1.10\commons-codec-1.10.jar;C:\Users\maya.TZUNAMI\.m2\repository\org\rauschig\jarchivelib\1.0.0\jarchivelib-1.0.0.jar;C:\Users\maya.TZUNAMI\.m2\repository\org\apache\commons\commons-compress\1.18\commons-compress-1.18.jar;C:\Users\maya.TZUNAMI\.m2\repository\org\jsoup\jsoup\1.11.3\jsoup-1.11.3.jar;C:\Users\maya.TZUNAMI\.m2\repository\io\qameta\allure\allure-testng\2.12.1\allure-testng-2.12.1.jar;C:\Users\maya.TZUNAMI\.m2\repository\io\qameta\allure\allure-java-commons\2.12.1\allure-java-commons-2.12.1.jar;C:\Users\maya.TZUNAMI\.m2\repository\io\qameta\allure\allure-model\2.12.1\allure-model-2.12.1.jar;C:\Users\maya.TZUNAMI\.m2\repository\com\fasterxml\jackson\core\jackson-databind\2.9.8\jackson-databind-2.9.8.jar;C:\Users\maya.TZUNAMI\.m2\repository\com\fasterxml\jackson\core\jackson-annotations\2.9.0\jackson-annotations-2.9.0.jar;C:\Users\maya.TZUNAMI\.m2\repository\com\fasterxml\jackson\core\jackson-core\2.9.8\jackson-core-2.9.8.jar;C:\Users\maya.TZUNAMI\.m2\repository\org\apache\tika\tika-core\1.20\tika-core-1.20.jar;C:\Users\maya.TZUNAMI\.m2\repository\org\jooq\joor-java-8\0.9.10\joor-java-8-0.9.10.jar;C:\Users\maya.TZUNAMI\.m2\repository\com\github\automatedowl\allure-environment-writer\1.0.0\allure-environment-writer-1.0.0.jar;C:\Users\maya.TZUNAMI\.m2\repository\org\aspectj\aspectjweaver\1.9.2\aspectjweaver-1.9.2.jar;"/>
    <property name="sun.cpu.endian" value="little"/>
    <property name="allure.results.directory" value="C:\Users\maya.TZUNAMI\eclipse-workspace\Involve.me-Project/target/allure-results"/>
    <property name="user.home" value="C:\Users\maya.TZUNAMI"/>
    <property name="user.language" value="en"/>
    <property name="java.specification.vendor" value="Oracle Corporation"/>
    <property name="java.home" value="C:\Program Files\Java\jdk1.8.0_201\jre"/>
    <property name="basedir" value="C:\Users\maya.TZUNAMI\eclipse-workspace\Involve.me-Project"/>
    <property name="file.separator" value="\"/>
    <property name="line.separator" value="&#10;"/>
    <property name="java.vm.specification.vendor" value="Oracle Corporation"/>
    <property name="java.specification.name" value="Java Platform API Specification"/>
    <property name="java.awt.graphicsenv" value="sun.awt.Win32GraphicsEnvironment"/>
    <property name="surefire.real.class.path" value="C:\Users\MAYA~1.TZU\AppData\Local\Temp\surefire7592970848956199479\surefirebooter2461375815483220187.jar;C:\Users\maya.TZUNAMI\.m2\repository/org/aspectj/aspectjweaver/1.9.2/aspectjweaver-1.9.2.jar"/>
    <property name="sun.boot.class.path" value="C:\Program Files\Java\jdk1.8.0_201\jre\lib\resources.jar;C:\Program Files\Java\jdk1.8.0_201\jre\lib\rt.jar;C:\Program Files\Java\jdk1.8.0_201\jre\lib\sunrsasign.jar;C:\Program Files\Java\jdk1.8.0_201\jre\lib\jsse.jar;C:\Program Files\Java\jdk1.8.0_201\jre\lib\jce.jar;C:\Program Files\Java\jdk1.8.0_201\jre\lib\charsets.jar;C:\Program Files\Java\jdk1.8.0_201\jre\lib\jfr.jar;C:\Program Files\Java\jdk1.8.0_201\jre\classes"/>
    <property name="user.script" value=""/>
    <property name="sun.management.compiler" value="HotSpot 64-Bit Tiered Compilers"/>
    <property name="java.runtime.version" value="1.8.0_201-b09"/>
    <property name="user.name" value="maya"/>
    <property name="path.separator" value=";"/>
    <property name="os.version" value="10.0"/>
    <property name="java.endorsed.dirs" value="C:\Program Files\Java\jdk1.8.0_201\jre\lib\endorsed"/>
    <property name="java.runtime.name" value="Java(TM) SE Runtime Environment"/>
    <property name="file.encoding" value="Cp1252"/>
    <property name="java.vm.name" value="Java HotSpot(TM) 64-Bit Server VM"/>
    <property name="localRepository" value="C:\Users\maya.TZUNAMI\.m2\repository"/>
    <property name="java.vendor.url.bug" value="http://bugreport.sun.com/bugreport/"/>
    <property name="java.io.tmpdir" value="C:\Users\MAYA~1.TZU\AppData\Local\Temp\"/>
    <property name="java.version" value="1.8.0_201"/>
    <property name="user.dir" value="C:\Users\maya.TZUNAMI\eclipse-workspace\Involve.me-Project"/>
    <property name="os.arch" value="amd64"/>
    <property name="java.vm.specification.name" value="Java Virtual Machine Specification"/>
    <property name="java.awt.printerjob" value="sun.awt.windows.WPrinterJob"/>
    <property name="sun.os.patch.level" value=""/>
    <property name="java.library.path" value="C:\Program Files\Java\jdk1.8.0_201\jre\bin;C:\WINDOWS\Sun\Java\bin;C:\WINDOWS\system32;C:\WINDOWS;C:\Program Files (x86)\Common Files\Oracle\Java\javapath;C:\Program Files\Documentum\Shared;C:\WINDOWS\system32;C:\WINDOWS;C:\WINDOWS\System32\Wbem;C:\WINDOWS\System32\WindowsPowerShell\v1.0\;C:\Program Files (x86)\GitExtensions\;C:\Program Files\Git\cmd;C:\Program Files\dotnet\;C:\Program Files\Microsoft SQL Server\130\Tools\Binn\;C:\Program Files\Java\jdk1.8.0_201;C:\Program Files\Java\jdk1.8.0_201\bin;C:\Program Files\Amazon\AWSCLI\bin\;C:\ProgramData\chocolatey\bin;C:\ProgramData\chocolatey\lib\maven\apache-maven-3.6.3\bin;;C:\WINDOWS\System32\OpenSSH\;C:\Users\maya.TZUNAMI\AppData\Local\Microsoft\WindowsApps;C:\Users\maya.TZUNAMI\AppData\Local\Programs\Fiddler;C:\Users\maya.TZUNAMI\AppData\Local\Box\Box Edit\;C:\AWS-Commands;;%USERPROFILE%\AppData\Local\Microsoft\WindowsApps;."/>
    <property name="java.vm.info" value="mixed mode"/>
    <property name="java.vendor" value="Oracle Corporation"/>
    <property name="java.vm.version" value="25.201-b09"/>
    <property name="java.ext.dirs" value="C:\Program Files\Java\jdk1.8.0_201\jre\lib\ext;C:\WINDOWS\Sun\Java\lib\ext"/>
    <property name="sun.io.unicode.encoding" value="UnicodeLittle"/>
    <property name="java.class.version" value="52.0"/>
  </properties>
  <testcase name="t01_analyzeProjects" classname="tests.AnalyticsTest" time="20.744">
    <failure message="expected [14] but found [15]" type="java.lang.AssertionError">java.lang.AssertionError: expected [14] but found [15]
	at tests.AnalyticsTest.t01_analyzeProjects(AnalyticsTest.java:30)
</failure>
    <system-err><![CDATA[SLF4J: Failed to load class "org.slf4j.impl.StaticLoggerBinder".
SLF4J: Defaulting to no-operation (NOP) logger implementation
SLF4J: See http://www.slf4j.org/codes.html#StaticLoggerBinder for further details.
Jan 28, 2020 11:05:19 PM java.util.prefs.WindowsPreferences <init>
WARNING: Could not open/create prefs root node Software\JavaSoft\Prefs at root 0x80000002. Windows RegCreateKeyEx(...) returned error code 5.
Starting ChromeDriver 79.0.3945.36 (3582db32b33893869b8c1339e8f4d9ed1816f143-refs/branch-heads/3945@{#614}) on port 16003
Only local connections are allowed.
Please protect ports used by ChromeDriver and related test frameworks to prevent access by malicious code.
Jan 28, 2020 11:05:22 PM org.openqa.selenium.remote.ProtocolHandshake createSession
INFO: Detected dialect: W3C
]]></system-err>
  </testcase>
  <testcase name="t02_analyzePublished" classname="tests.AnalyticsTest" time="0.021">
    <failure message="no such element: Unable to locate element: {&quot;method&quot;:&quot;css selector&quot;,&quot;selector&quot;:&quot;.login&quot;}&#10;  (Session info: chrome=79.0.3945.130)&#10;For documentation on this error, please visit: https://www.seleniumhq.org/exceptions/no_such_element.html&#10;Build info: version: &apos;3.141.59&apos;, revision: &apos;e82be7d358&apos;, time: &apos;2018-11-14T08:17:03&apos;&#10;System info: host: &apos;MAYA10&apos;, ip: &apos;10.1.1.182&apos;, os.name: &apos;Windows 10&apos;, os.arch: &apos;amd64&apos;, os.version: &apos;10.0&apos;, java.version: &apos;1.8.0_201&apos;&#10;Driver info: org.openqa.selenium.chrome.ChromeDriver&#10;Capabilities {acceptInsecureCerts: false, browserName: chrome, browserVersion: 79.0.3945.130, chrome: {chromedriverVersion: 79.0.3945.36 (3582db32b3389..., userDataDir: C:\Users\MAYA~1.TZU\AppData...}, goog:chromeOptions: {debuggerAddress: localhost:52947}, javascriptEnabled: true, networkConnectionEnabled: false, pageLoadStrategy: normal, platform: WINDOWS, platformName: WINDOWS, proxy: Proxy(), setWindowRect: true, strictFileInteractability: false, timeouts: {implicit: 0, pageLoad: 300000, script: 30000}, unhandledPromptBehavior: dismiss and notify}&#10;Session ID: 8e53a695983b2753bf0cb3f6bd59375b&#10;*** Element info: {Using=css selector, value=.login}" type="org.openqa.selenium.NoSuchElementException">org.openqa.selenium.NoSuchElementException: 
no such element: Unable to locate element: {"method":"css selector","selector":".login"}
  (Session info: chrome=79.0.3945.130)
For documentation on this error, please visit: https://www.seleniumhq.org/exceptions/no_such_element.html
Build info: version: '3.141.59', revision: 'e82be7d358', time: '2018-11-14T08:17:03'
System info: host: 'MAYA10', ip: '10.1.1.182', os.name: 'Windows 10', os.arch: 'amd64', os.version: '10.0', java.version: '1.8.0_201'
Driver info: org.openqa.selenium.chrome.ChromeDriver
Capabilities {acceptInsecureCerts: false, browserName: chrome, browserVersion: 79.0.3945.130, chrome: {chromedriverVersion: 79.0.3945.36 (3582db32b3389..., userDataDir: C:\Users\MAYA~1.TZU\AppData...}, goog:chromeOptions: {debuggerAddress: localhost:52947}, javascriptEnabled: true, networkConnectionEnabled: false, pageLoadStrategy: normal, platform: WINDOWS, platformName: WINDOWS, proxy: Proxy(), setWindowRect: true, strictFileInteractability: false, timeouts: {implicit: 0, pageLoad: 300000, script: 30000}, unhandledPromptBehavior: dismiss and notify}
Session ID: 8e53a695983b2753bf0cb3f6bd59375b
*** Element info: {Using=css selector, value=.login}
	at tests.AnalyticsTest.t02_analyzePublished(AnalyticsTest.java:37)
</failure>
  </testcase>
  <testcase name="changePassword" classname="tests.ChangePasswordTest" time="25.461"/>
  <testcase name="createNewProject" classname="tests.CreateProjectTest" time="32.178"/>
  <testcase name="createNewWorkspace" classname="tests.CreateWorkspaceTest" time="36.736"/>
  <testcase name="deleteProjectTest" classname="tests.DeleteProjectTest" time="59.223"/>
  <testcase name="getStartedforFree" classname="tests.HomePageTest" time="6.671"/>
  <testcase name="Login01_loginInvalid" classname="tests.LoginTest" time="7.527"/>
  <testcase name="Login02_loginCreateAccount" classname="tests.LoginTest" time="1.808"/>
  <testcase name="Login03_loginSucceed" classname="tests.LoginTest" time="8.539"/>
  <testcase name="editOrganization" classname="tests.OrganizationTest" time="35.296"/>
  <testcase name="openLogin" classname="tests.RegistrationTest" time="2.276"/>
  <testcase name="resetPassword" classname="tests.ResetPasswordTests" time="8.673"/>
  <testcase name="searchProject" classname="tests.SearchProjectTest" time="17.542">
    <failure message="expected [First (copy)] but found [First]" type="java.lang.AssertionError">java.lang.AssertionError: expected [First (copy)] but found [First]
	at tests.SearchProjectTest.searchProject(SearchProjectTest.java:28)
</failure>
    <system-err><![CDATA[Starting ChromeDriver 79.0.3945.36 (3582db32b33893869b8c1339e8f4d9ed1816f143-refs/branch-heads/3945@{#614}) on port 15963
Only local connections are allowed.
Please protect ports used by ChromeDriver and related test frameworks to prevent access by malicious code.
Jan 28, 2020 11:10:27 PM org.openqa.selenium.remote.ProtocolHandshake createSession
INFO: Detected dialect: W3C
]]></system-err>
  </testcase>
  <testcase name="upgradeYourAccount" classname="tests.UpgradeAccountTest" time="10.404"/>
</testsuite>