<?xml version="1.0" encoding="UTF-8"?>
<!-- Generated by org.testng.reporters.JUnitReportReporter -->
<testsuite skipped="0" hostname="maya10" name="tests.ResetPasswordTests" tests="1" failures="0" timestamp="20 Jan 2020 20:54:44 GMT" time="2.668" errors="0">
  <testcase name="reset" time="2.668" classname="tests.ResetPasswordTests"/>
</testsuite> <!-- tests.ResetPasswordTests -->
