<?xml version="1.0" encoding="UTF-8"?>
<!-- Generated by org.testng.reporters.JUnitReportReporter -->
<testsuite skipped="0" hostname="maya10" name="tests.OrganizationTest" tests="1" failures="0" timestamp="20 Jan 2020 20:50:24 GMT" time="31.828" errors="0">
  <testcase name="editOrganization" time="31.828" classname="tests.OrganizationTest"/>
</testsuite> <!-- tests.OrganizationTest -->
