<?xml version="1.0" encoding="UTF-8"?>
<!-- Generated by org.testng.reporters.JUnitReportReporter -->
<testsuite skipped="0" hostname="maya10" name="tests.LoginTest" tests="1" failures="0" timestamp="22 Jan 2020 13:14:27 GMT" time="3.768" errors="0">
  <testcase name="Login01_loginInvalid" time="3.768" classname="tests.LoginTest"/>
</testsuite> <!-- tests.LoginTest -->
