<?xml version="1.0" encoding="UTF-8"?>
<!-- Generated by org.testng.reporters.JUnitReportReporter -->
<testsuite skipped="0" hostname="maya10" name="tests.SearchProjectTest" tests="1" failures="0" timestamp="27 Jan 2020 10:16:20 GMT" time="13.609" errors="0">
  <testcase name="searchProject" time="13.609" classname="tests.SearchProjectTest"/>
</testsuite> <!-- tests.SearchProjectTest -->
