<?xml version="1.0" encoding="UTF-8"?>
<!-- Generated by org.testng.reporters.JUnitReportReporter -->
<testsuite skipped="0" hostname="maya10" name="tests.DeleteProject" tests="1" failures="0" timestamp="17 Jan 2020 07:29:25 GMT" time="9.107" errors="0">
  <testcase name="deleteProject" time="9.107" classname="tests.DeleteProject"/>
</testsuite> <!-- tests.DeleteProject -->
