<?xml version="1.0" encoding="UTF-8"?>
<!-- Generated by org.testng.reporters.JUnitReportReporter -->
<testsuite skipped="0" hostname="maya10" name="tests.ChangePasswordTest" tests="1" failures="0" timestamp="20 Jan 2020 20:53:51 GMT" time="21.230" errors="0">
  <testcase name="changePassword" time="21.230" classname="tests.ChangePasswordTest"/>
</testsuite> <!-- tests.ChangePasswordTest -->
