<?xml version="1.0" encoding="UTF-8"?>
<!-- Generated by org.testng.reporters.JUnitReportReporter -->
<testsuite skipped="0" hostname="maya10" name="tests.SearchProjectTest" tests="1" failures="0" timestamp="20 Jan 2020 21:12:43 GMT" time="5.688" errors="0">
  <testcase name="searchProject" time="5.688" classname="tests.SearchProjectTest"/>
</testsuite> <!-- tests.SearchProjectTest -->
