<?xml version="1.0" encoding="UTF-8"?>
<!-- Generated by org.testng.reporters.JUnitReportReporter -->
<testsuite skipped="0" hostname="maya10" name="tests.LoginTest" tests="3" failures="0" timestamp="25 Jan 2020 20:17:38 GMT" time="10.342" errors="0">
  <testcase name="Login01_loginInvalid" time="3.906" classname="tests.LoginTest"/>
  <testcase name="Login02_loginCreateAccount" time="1.884" classname="tests.LoginTest"/>
  <testcase name="Login03_loginSucceed" time="4.552" classname="tests.LoginTest"/>
</testsuite> <!-- tests.LoginTest -->
