<?xml version="1.0" encoding="UTF-8"?>
<!-- Generated by org.testng.reporters.JUnitReportReporter -->
<testsuite skipped="0" hostname="maya10" name="tests.CreateProjectTest" tests="1" failures="0" timestamp="23 Jan 2020 12:54:45 GMT" time="48.449" errors="0">
  <testcase name="createNewProject" time="48.449" classname="tests.CreateProjectTest"/>
</testsuite> <!-- tests.CreateProjectTest -->
