<?xml version="1.0" encoding="UTF-8"?>
<!-- Generated by org.testng.reporters.JUnitReportReporter -->
<testsuite skipped="0" hostname="maya10" name="tests.PlansTest" tests="1" failures="0" timestamp="27 Jan 2020 10:26:14 GMT" time="6.598" errors="0">
  <testcase name="upgradeYourAccount" time="6.598" classname="tests.PlansTest"/>
</testsuite> <!-- tests.PlansTest -->
