<?xml version="1.0" encoding="UTF-8"?>
<!-- Generated by org.testng.reporters.JUnitReportReporter -->
<testsuite skipped="0" hostname="maya10" name="tests.HomePageTest" tests="1" failures="0" timestamp="27 Jan 2020 19:10:11 GMT" time="7.378" errors="0">
  <testcase name="getStartedforFree" time="7.378" classname="tests.HomePageTest"/>
</testsuite> <!-- tests.HomePageTest -->
