<?xml version="1.0" encoding="UTF-8"?>
<!-- Generated by org.testng.reporters.JUnitReportReporter -->
<testsuite skipped="0" hostname="maya10" name="tests.DeleteProjectTest" tests="1" failures="0" timestamp="26 Jan 2020 23:13:51 GMT" time="54.644" errors="0">
  <testcase name="deleteProjectTest" time="54.644" classname="tests.DeleteProjectTest"/>
</testsuite> <!-- tests.DeleteProjectTest -->
