<?xml version="1.0" encoding="UTF-8"?>
<!-- Generated by org.testng.reporters.JUnitReportReporter -->
<testsuite skipped="0" hostname="maya10" name="tests.RegistrationTest" tests="1" failures="0" timestamp="27 Jan 2020 10:22:09 GMT" time="2.788" errors="0">
  <testcase name="openLogin" time="2.788" classname="tests.RegistrationTest"/>
</testsuite> <!-- tests.RegistrationTest -->
