<?xml version="1.0" encoding="UTF-8"?>
<!-- Generated by org.testng.reporters.JUnitReportReporter -->
<testsuite skipped="0" hostname="maya10" name="tests.CreateProjectTest" tests="1" failures="0" timestamp="26 Jan 2020 23:42:21 GMT" time="28.524" errors="0">
  <testcase name="createNewProject" time="28.524" classname="tests.CreateProjectTest"/>
</testsuite> <!-- tests.CreateProjectTest -->
