<?xml version="1.0" encoding="UTF-8"?>
<!-- Generated by org.testng.reporters.JUnitReportReporter -->
<testsuite skipped="0" hostname="maya10" name="tests.CreateProjectTest" tests="1" failures="0" timestamp="28 Jan 2020 21:11:06 GMT" time="32.178" errors="0">
  <testcase name="createNewProject" time="32.178" classname="tests.CreateProjectTest"/>
</testsuite> <!-- tests.CreateProjectTest -->
