<?xml version="1.0" encoding="UTF-8"?>
<!-- Generated by org.testng.reporters.JUnitReportReporter -->
<testsuite skipped="0" hostname="maya10" name="tests.DeleteProjectTest" tests="1" failures="0" timestamp="27 Jan 2020 19:39:42 GMT" time="52.318" errors="0">
  <testcase name="deleteProjectTest" time="52.318" classname="tests.DeleteProjectTest"/>
</testsuite> <!-- tests.DeleteProjectTest -->
