<?xml version="1.0" encoding="UTF-8"?>
<!-- Generated by org.testng.reporters.JUnitReportReporter -->
<testsuite skipped="0" hostname="maya10" name="tests.CreateWorkspaceTest" tests="1" failures="0" timestamp="28 Jan 2020 21:11:06 GMT" time="36.737" errors="0">
  <testcase name="createNewWorkspace" time="36.737" classname="tests.CreateWorkspaceTest"/>
</testsuite> <!-- tests.CreateWorkspaceTest -->
