<?xml version="1.0" encoding="UTF-8"?>
<!-- Generated by org.testng.reporters.JUnitReportReporter -->
<testsuite skipped="0" hostname="maya10" name="tests.ResetPasswordTests" tests="1" failures="0" timestamp="28 Jan 2020 21:11:06 GMT" time="8.673" errors="0">
  <testcase name="resetPassword" time="8.673" classname="tests.ResetPasswordTests"/>
</testsuite> <!-- tests.ResetPasswordTests -->
