<?xml version="1.0" encoding="UTF-8"?>
<!-- Generated by org.testng.reporters.JUnitReportReporter -->
<testsuite skipped="0" hostname="maya10" name="tests.LoginTest" tests="3" failures="0" timestamp="28 Jan 2020 21:11:06 GMT" time="17.873" errors="0">
  <testcase name="Login03_loginSucceed" time="8.540" classname="tests.LoginTest"/>
  <testcase name="Login02_loginCreateAccount" time="1.807" classname="tests.LoginTest"/>
  <testcase name="Login01_loginInvalid" time="7.526" classname="tests.LoginTest"/>
</testsuite> <!-- tests.LoginTest -->
