<?xml version="1.0" encoding="UTF-8"?>
<!-- Generated by org.testng.reporters.JUnitReportReporter -->
<testsuite skipped="0" hostname="maya10" name="tests.CreateProjectTest" tests="1" failures="0" timestamp="27 Jan 2020 19:39:42 GMT" time="25.623" errors="0">
  <testcase name="createNewProject" time="25.623" classname="tests.CreateProjectTest"/>
</testsuite> <!-- tests.CreateProjectTest -->
