<?xml version="1.0" encoding="UTF-8"?>
<!-- Generated by org.testng.reporters.JUnitReportReporter -->
<testsuite skipped="0" hostname="maya10" name="tests.HomePageTest" tests="1" failures="0" timestamp="28 Jan 2020 21:11:06 GMT" time="6.671" errors="0">
  <testcase name="getStartedforFree" time="6.671" classname="tests.HomePageTest"/>
</testsuite> <!-- tests.HomePageTest -->
