<?xml version="1.0" encoding="UTF-8"?>
<!-- Generated by org.testng.reporters.JUnitReportReporter -->
<testsuite skipped="0" hostname="maya10" name="tests.ResetPasswordTests" tests="1" failures="0" timestamp="27 Jan 2020 19:39:42 GMT" time="2.549" errors="0">
  <testcase name="resetPassword" time="2.549" classname="tests.ResetPasswordTests"/>
</testsuite> <!-- tests.ResetPasswordTests -->
