<?xml version="1.0" encoding="UTF-8"?>
<!-- Generated by org.testng.reporters.JUnitReportReporter -->
<testsuite skipped="0" hostname="maya10" name="tests.DeleteProjectTest" tests="1" failures="0" timestamp="28 Jan 2020 21:11:06 GMT" time="59.224" errors="0">
  <testcase name="deleteProjectTest" time="59.224" classname="tests.DeleteProjectTest"/>
</testsuite> <!-- tests.DeleteProjectTest -->
