<?xml version="1.0" encoding="UTF-8"?>
<!-- Generated by org.testng.reporters.JUnitReportReporter -->
<testsuite skipped="0" hostname="maya10" name="tests.HomePageTest" tests="1" failures="0" timestamp="27 Jan 2020 19:39:42 GMT" time="6.723" errors="0">
  <testcase name="getStartedforFree" time="6.723" classname="tests.HomePageTest"/>
</testsuite> <!-- tests.HomePageTest -->
